<?xml version="1.0" encoding="UTF-8"?>
<!-- Generated by org.testng.reporters.JUnitReportReporter -->
<testsuite hostname="LAPTOP-VU3PB39N" failures="0" tests="1" name="GoogleTest" time="75.426" errors="0" timestamp="2024-09-25T12:36:05 IST" skipped="0">
  <testcase classname="GoogleTest" name="HomePageCheck" time="75.426"/>
</testsuite> <!-- GoogleTest -->
